<?xml version="1.0" encoding="UTF-8"?>
<!-- Generated by org.testng.reporters.JUnitXMLReporter -->
<testsuite ignored="0" hostname="DESKTOP-RO8II0V" failures="0" tests="2" name="Login Test" time="0.168" errors="0" timestamp="2025-05-09T12:08:32 IST">
  <testcase classname="com.vodafone.base.AutomationWrapper" name="@BeforeMethod setup" time="-1.746772712408E9">
    <failure type="org.testng.TestNGException" message="
Parameter &amp;apos;browser&amp;apos; is required by BeforeMethod on method setup but has not been marked @Optional or defined
in D:\Mine\Company\Vodafone May 2025\automation_workspace\EmployeeManagementAutomation\testng.xml">
      <![CDATA[org.testng.TestNGException: 
Parameter 'browser' is required by BeforeMethod on method setup but has not been marked @Optional or defined
in D:\Mine\Company\Vodafone May 2025\automation_workspace\EmployeeManagementAutomation\testng.xml
at java.base/java.util.ArrayList.forEach(ArrayList.java:1596)
... Removed 28 stack frames]]>
    </failure>
  </testcase> <!-- @BeforeMethod setup -->
  <testcase classname="com.vodafone.base.AutomationWrapper" name="@AfterMethod teardown" time="0.0">
    <skipped/>
  </testcase> <!-- @AfterMethod teardown -->
  <testcase classname="com.vodafone.base.AutomationWrapper" name="@BeforeMethod setup" time="0.0">
    <skipped/>
  </testcase> <!-- @BeforeMethod setup -->
  <testcase classname="com.vodafone.base.AutomationWrapper" name="@AfterMethod teardown" time="0.0">
    <skipped/>
  </testcase> <!-- @AfterMethod teardown -->
  <testcase classname="com.vodafone.test.LoginUITest" name="headerTitle" time="0.0">
    <skipped/>
  </testcase> <!-- headerTitle -->
  <testcase classname="com.vodafone.test.LoginUITest" name="titleTest" time="0.0">
    <skipped/>
  </testcase> <!-- titleTest -->
</testsuite> <!-- Login Test -->
